<?xml version="1.0" encoding="UTF-8"?>
<testsuite xmlns:xsi="http://www.w3.org/2001/XMLSchema-instance" xsi:noNamespaceSchemaLocation="https://maven.apache.org/surefire/maven-surefire-plugin/xsd/surefire-test-report-3.0.xsd" version="3.0" name="testRunner.TestRun" time="38.593" tests="1" errors="0" skipped="0" failures="0">
  <properties>
[...]
</properties>
  <testcase name="Add new Customer" classname="Customers" time="37.727">
    <system-out><![CDATA[Feature: Customers

  Background: backround steps                                              # Features/Customers.feature:3
09-03-2023 10:32:35 Steps.java INFO  [main] nopcommerce 65 - ********* Launching browser***************
    Given User Launch Chrome browser                                       # Steps.user_Launch_Chrome_browser()
09-03-2023 10:32:35 Steps.java INFO  [main] nopcommerce 71 - ********* Opening URL***************
    When User opens URL "http://admin-demo.nopcommerce.com/login"          # Steps.user_opens_URL(String)
09-03-2023 10:32:38 Steps.java INFO  [main] nopcommerce 79 - ********* Proving user info ***************
    And User enters Email as "admin@yourstore.com" and Password as "admin" # Steps.user_enters_Email_as_and_Password_as(String,String)
    And Click on Login                                                     # Steps.click_on_Login()
09-03-2023 10:32:48 Steps.java INFO  [main] nopcommerce 126 - ********* Adding Customer Scenario started  ***************
09-03-2023 10:32:48 Steps.java INFO  [main] nopcommerce 128 - ********* Dashboard Display validation ***************
    Then User can view Dashboad                                            # Steps.user_can_view_Dashboad()

  @sanity
  Scenario: Add new Customer                                                                # Features/Customers.feature:12
    When User click on customers Menu                                                       # Steps.user_click_on_customers_Menu()
    And click on customers Menu Item                                                        # Steps.click_on_customers_Menu_Item()
    And click on Add new button                                                             # Steps.click_on_Add_new_button()
    Then User can view Add new customer page                                                # Steps.user_can_view_Add_new_customer_page()
09-03-2023 10:32:57 Steps.java INFO  [main] nopcommerce 160 - ********* Providing Customer details ***************
    When User enter customer info                                                           # Steps.user_enter_customer_info()
    And click on Save button                                                                # Steps.click_on_Save_button()
09-03-2023 10:33:08 Steps.java INFO  [main] nopcommerce 186 - ********* Add customer validation ***************
    Then User can view confirmation message "The new customer has been added successfully." # Steps.user_can_view_confirmation_message(String)
09-03-2023 10:33:08 Steps.java INFO  [main] nopcommerce 116 - *********Closing application ***************
    And close browser                                                                       # Steps.close_browser()
]]></system-out>
    <system-err><![CDATA[Starting ChromeDriver 116.0.5845.96 (1a391816688002153ef791ffe60d9e899a71a037-refs/branch-heads/5845@{#1382}) on port 38748
Only local connections are allowed.
Please see https://chromedriver.chromium.org/security-considerations for suggestions on keeping ChromeDriver safe.
ChromeDriver was started successfully.
Sep 03, 2023 10:32:35 AM org.openqa.selenium.remote.ProtocolHandshake createSession
INFO: Detected dialect: W3C
]]></system-err>
  </testcase>
</testsuite>